w:\libunicornio\libunicornio-master\libunicornio-master\projetos\base_vs2015\debug\vc141.pdb
w:\libunicornio\libunicornio-master\libunicornio-master\projetos\base_vs2015\debug\vc141.idb
w:\libunicornio\libunicornio-master\libunicornio-master\projetos\base_vs2015\debug\jogo.obj
w:\libunicornio\libunicornio-master\libunicornio-master\projetos\base_vs2015\debug\main.obj
w:\libunicornio\libunicornio-master\libunicornio-master\projetos\jogobaseom\debug\vc141.pdb
w:\libunicornio\libunicornio-master\libunicornio-master\projetos\jogobaseom\debug\vc141.idb
w:\libunicornio\libunicornio-master\libunicornio-master\projetos\jogobaseom\debug\jogo.obj
w:\libunicornio\libunicornio-master\libunicornio-master\projetos\jogobaseom\debug\main.obj
w:\libunicornio\libunicornio-master\projetoslib\projetos\jogobaseom\debug\vc141.pdb
w:\libunicornio\libunicornio-master\projetoslib\projetos\jogobaseom\debug\vc141.idb
w:\libunicornio\libunicornio-master\projetoslib\projetos\jogobaseom\debug\enemy.obj
w:\libunicornio\libunicornio-master\projetoslib\projetos\jogobaseom\debug\jogo.obj
w:\libunicornio\libunicornio-master\projetoslib\projetos\jogobaseom\debug\main.obj
w:\libunicornio\libunicornio-master\projetoslib\projetos\jogobaseom\debug\menu.obj
w:\libunicornio\libunicornio-master\projetoslib\projetos\jogobaseom\debug\player.obj
w:\libunicornio\libunicornio-master\projetoslib\projetos\jogobaseom\debug\room.obj
w:\libunicornio\libunicornio-master\libunicornio-master\projetos\base_vs2015\bin\base-debug.ilk
w:\libunicornio\libunicornio-master\libunicornio-master\projetos\base_vs2015\bin\base-debug.exe
w:\libunicornio\libunicornio-master\libunicornio-master\projetos\base_vs2015\bin\base-debug.pdb
w:\libunicornio\libunicornio-master\libunicornio-master\projetos\jogobaseom\bin\base-debug.exe
w:\libunicornio\libunicornio-master\libunicornio-master\projetos\jogobaseom\bin\base-debug.ilk
w:\libunicornio\libunicornio-master\libunicornio-master\projetos\jogobaseom\bin\base-debug.pdb
w:\libunicornio\libunicornio-master\projetoslib\projetos\jogobaseom\bin\base-debug.exe
w:\libunicornio\libunicornio-master\projetoslib\projetos\jogobaseom\bin\base-debug.ilk
w:\libunicornio\libunicornio-master\projetoslib\projetos\jogobaseom\bin\base-debug.pdb
w:\libunicornio\libunicornio-master\projetoslib\projetos\jogobaseom\debug\base.tlog\cl.command.1.tlog
w:\libunicornio\libunicornio-master\projetoslib\projetos\jogobaseom\debug\base.tlog\cl.read.1.tlog
w:\libunicornio\libunicornio-master\projetoslib\projetos\jogobaseom\debug\base.tlog\cl.write.1.tlog
w:\libunicornio\libunicornio-master\projetoslib\projetos\jogobaseom\debug\base.tlog\link.command.1.tlog
w:\libunicornio\libunicornio-master\projetoslib\projetos\jogobaseom\debug\base.tlog\link.read.1.tlog
w:\libunicornio\libunicornio-master\projetoslib\projetos\jogobaseom\debug\base.tlog\link.write.1.tlog
