d:\jogos digitais\programacao\libunicornio-master\projetos\olimpiadas_starwars_rev10\debug\vc120.pdb
d:\jogos digitais\programacao\libunicornio-master\projetos\olimpiadas_starwars_rev10\debug\vc120.idb
d:\jogos digitais\programacao\libunicornio-master\projetos\olimpiadas_starwars_rev10\debug\jogo.obj
d:\jogos digitais\programacao\libunicornio-master\projetos\olimpiadas_starwars_rev10\debug\main.obj
d:\jogos digitais\programacao\libunicornio-master\projetos\olimpiadas_starwars_rev10\debug\obstaculo.obj
d:\jogos digitais\programacao\libunicornio-master\projetos\olimpiadas_starwars_rev10\debug\personagem.obj
d:\jogos digitais\programacao\libunicornio-master\projetos\olimpiadas_starwars_final\debug\vc120.pdb
d:\jogos digitais\programacao\libunicornio-master\projetos\olimpiadas_starwars_final\debug\vc120.idb
d:\jogos digitais\programacao\libunicornio-master\projetos\olimpiadas_starwars_final\debug\jogo.obj
d:\jogos digitais\programacao\libunicornio-master\projetos\olimpiadas_starwars_final\debug\main.obj
d:\jogos digitais\programacao\libunicornio-master\projetos\olimpiadas_starwars_final\debug\obstaculo.obj
d:\jogos digitais\programacao\libunicornio-master\projetos\olimpiadas_starwars_final\debug\personagem.obj
d:\jogos digitais\programacao\libunicornio-master\projetos\olimpiadas_starwars_final\debug\personagem2.obj
d:\jogos digitais\programacao\libunicornio-master\projetos\olimpiadas_starwars_rev10\bin\base.ilk
d:\jogos digitais\programacao\libunicornio-master\projetos\olimpiadas_starwars_rev10\bin\base.exe
d:\jogos digitais\programacao\libunicornio-master\projetos\olimpiadas_starwars_rev10\bin\base.pdb
d:\jogos digitais\programacao\libunicornio-master\projetos\olimpiadas_starwars_final\bin\base.ilk
d:\jogos digitais\programacao\libunicornio-master\projetos\olimpiadas_starwars_final\bin\base.exe
d:\jogos digitais\programacao\libunicornio-master\projetos\olimpiadas_starwars_final\bin\base.pdb
d:\jogos digitais\programacao\libunicornio-master\projetos\olimpiadas_starwars_final\.\bin\base.exe
d:\jogos digitais\programacao\libunicornio-master\projetos\olimpiadas_starwars_final\debug\base.tlog\cl.command.1.tlog
d:\jogos digitais\programacao\libunicornio-master\projetos\olimpiadas_starwars_final\debug\base.tlog\cl.read.1.tlog
d:\jogos digitais\programacao\libunicornio-master\projetos\olimpiadas_starwars_final\debug\base.tlog\cl.write.1.tlog
d:\jogos digitais\programacao\libunicornio-master\projetos\olimpiadas_starwars_final\debug\base.tlog\link.command.1.tlog
d:\jogos digitais\programacao\libunicornio-master\projetos\olimpiadas_starwars_final\debug\base.tlog\link.read.1.tlog
d:\jogos digitais\programacao\libunicornio-master\projetos\olimpiadas_starwars_final\debug\base.tlog\link.write.1.tlog
